<?xml version="1.0" encoding="UTF-8"?>
<testng-results ignored="0" total="5" passed="4" failed="1" skipped="0">
  <reporter-output>
  </reporter-output>
  <suite started-at="2020-07-06T19:07:25Z" name="Suite" finished-at="2020-07-06T19:07:44Z" duration-ms="18223">
    <groups>
    </groups>
    <test started-at="2020-07-06T19:07:25Z" name="ValidateLandingPage" finished-at="2020-07-06T19:07:33Z" duration-ms="7745">
      <class name="Framework.E2EProject.Validation_Landingpage">
        <test-method is-config="true" signature="OpenURL()[pri:0, instance:Framework.E2EProject.Validation_Landingpage@7db534f2]" started-at="2020-07-06T19:07:25Z" name="OpenURL" finished-at="2020-07-06T19:07:32Z" duration-ms="6830" status="PASS">
          <reporter-output>
          </reporter-output>
        </test-method> <!-- OpenURL -->
        <test-method signature="ValidateNavigationBar()[pri:0, instance:Framework.E2EProject.Validation_Landingpage@7db534f2]" started-at="2020-07-06T19:07:32Z" name="ValidateNavigationBar" finished-at="2020-07-06T19:07:32Z" duration-ms="191" status="PASS">
          <reporter-output>
          </reporter-output>
        </test-method> <!-- ValidateNavigationBar -->
        <test-method signature="ValidateTitle()[pri:0, instance:Framework.E2EProject.Validation_Landingpage@7db534f2]" started-at="2020-07-06T19:07:32Z" name="ValidateTitle" finished-at="2020-07-06T19:07:33Z" duration-ms="52" status="PASS">
          <reporter-output>
          </reporter-output>
        </test-method> <!-- ValidateTitle -->
        <test-method is-config="true" signature="TearDown()[pri:0, instance:Framework.E2EProject.Validation_Landingpage@7db534f2]" started-at="2020-07-06T19:07:33Z" name="TearDown" finished-at="2020-07-06T19:07:33Z" duration-ms="658" status="PASS">
          <reporter-output>
          </reporter-output>
        </test-method> <!-- TearDown -->
      </class> <!-- Framework.E2EProject.Validation_Landingpage -->
    </test> <!-- ValidateLandingPage -->
    <test started-at="2020-07-06T19:07:25Z" name="ValidateTitle" finished-at="2020-07-06T19:07:34Z" duration-ms="8863">
      <class name="Framework.E2EProject.ValidationTitle">
        <test-method signature="Validatepagetitle()[pri:0, instance:Framework.E2EProject.ValidationTitle@e6516e]" started-at="2020-07-06T19:07:25Z" name="Validatepagetitle" finished-at="2020-07-06T19:07:33Z" duration-ms="7161" status="FAIL">
          <exception class="java.lang.AssertionError">
            <message>
              <![CDATA[expected [FEATURED COUR] but found [FEATURED COURSES]]]>
            </message>
            <full-stacktrace>
              <![CDATA[java.lang.AssertionError: expected [FEATURED COUR] but found [FEATURED COURSES]
at org.testng.Assert.fail(Assert.java:96)
at org.testng.Assert.failNotEquals(Assert.java:776)
at org.testng.Assert.assertEqualsImpl(Assert.java:137)
at org.testng.Assert.assertEquals(Assert.java:118)
at org.testng.Assert.assertEquals(Assert.java:453)
at org.testng.Assert.assertEquals(Assert.java:463)
at Framework.E2EProject.ValidationTitle.Validatepagetitle(ValidationTitle.java:25)
at java.base/jdk.internal.reflect.NativeMethodAccessorImpl.invoke0(Native Method)
at java.base/jdk.internal.reflect.NativeMethodAccessorImpl.invoke(NativeMethodAccessorImpl.java:62)
at java.base/jdk.internal.reflect.DelegatingMethodAccessorImpl.invoke(DelegatingMethodAccessorImpl.java:43)
at java.base/java.lang.reflect.Method.invoke(Method.java:566)
at org.testng.internal.MethodInvocationHelper.invokeMethod(MethodInvocationHelper.java:124)
at org.testng.internal.Invoker.invokeMethod(Invoker.java:583)
at org.testng.internal.Invoker.invokeTestMethod(Invoker.java:719)
at org.testng.internal.Invoker.invokeTestMethods(Invoker.java:989)
at org.testng.internal.TestMethodWorker.invokeTestMethods(TestMethodWorker.java:125)
at org.testng.internal.TestMethodWorker.run(TestMethodWorker.java:109)
at org.testng.TestRunner.privateRun(TestRunner.java:648)
at org.testng.TestRunner.run(TestRunner.java:505)
at org.testng.SuiteRunner.runTest(SuiteRunner.java:455)
at org.testng.SuiteRunner.access$000(SuiteRunner.java:40)
at org.testng.SuiteRunner$SuiteWorker.run(SuiteRunner.java:489)
at org.testng.internal.thread.ThreadUtil$1.call(ThreadUtil.java:52)
at java.base/java.util.concurrent.FutureTask.run(FutureTask.java:264)
at java.base/java.util.concurrent.ThreadPoolExecutor.runWorker(ThreadPoolExecutor.java:1128)
at java.base/java.util.concurrent.ThreadPoolExecutor$Worker.run(ThreadPoolExecutor.java:628)
at java.base/java.lang.Thread.run(Thread.java:834)
]]>
            </full-stacktrace>
          </exception> <!-- java.lang.AssertionError -->
          <reporter-output>
          </reporter-output>
        </test-method> <!-- Validatepagetitle -->
        <test-method is-config="true" signature="TearDown()[pri:0, instance:Framework.E2EProject.ValidationTitle@e6516e]" started-at="2020-07-06T19:07:34Z" name="TearDown" finished-at="2020-07-06T19:07:34Z" duration-ms="771" status="PASS">
          <reporter-output>
          </reporter-output>
        </test-method> <!-- TearDown -->
      </class> <!-- Framework.E2EProject.ValidationTitle -->
    </test> <!-- ValidateTitle -->
    <test started-at="2020-07-06T19:07:25Z" name="HomePageLaunch" finished-at="2020-07-06T19:07:44Z" duration-ms="18223">
      <class name="Framework.E2EProject.HomePage">
        <test-method signature="basePageNavigation(java.lang.String, java.lang.String, java.lang.String)[pri:0, instance:Framework.E2EProject.HomePage@32fe9d0a]" started-at="2020-07-06T19:07:25Z" name="basePageNavigation" data-provider="getData" finished-at="2020-07-06T19:07:35Z" duration-ms="9715" status="PASS">
          <params>
            <param index="0">
              <value>
                <![CDATA[restricteduser@xyz.com]]>
              </value>
            </param>
            <param index="1">
              <value>
                <![CDATA[badpasswrd]]>
              </value>
            </param>
            <param index="2">
              <value>
                <![CDATA[Restricteduser]]>
              </value>
            </param>
          </params>
          <reporter-output>
          </reporter-output>
        </test-method> <!-- basePageNavigation -->
        <test-method signature="basePageNavigation(java.lang.String, java.lang.String, java.lang.String)[pri:0, instance:Framework.E2EProject.HomePage@32fe9d0a]" started-at="2020-07-06T19:07:35Z" name="basePageNavigation" data-provider="getData" finished-at="2020-07-06T19:07:44Z" duration-ms="8464" status="PASS">
          <params>
            <param index="0">
              <value>
                <![CDATA[unrestricted@xyz.com]]>
              </value>
            </param>
            <param index="1">
              <value>
                <![CDATA[goodpassword]]>
              </value>
            </param>
            <param index="2">
              <value>
                <![CDATA[Unrestricted]]>
              </value>
            </param>
          </params>
          <reporter-output>
          </reporter-output>
        </test-method> <!-- basePageNavigation -->
      </class> <!-- Framework.E2EProject.HomePage -->
    </test> <!-- HomePageLaunch -->
  </suite> <!-- Suite -->
</testng-results>
